<?xml version="1.0" encoding="UTF-8"?>
<robot generator="Robot 3.2 (Python 3.8.2 on win32)" generated="20220114 17:01:23.573" rpa="false">
<suite id="s1" name="CreateCharecters" source="C:\Projetos\API_marvel\CreateCharecters.robot">
<test id="s1-t1" name="Deve cadastrar um personagens">
<kw name="Create Dictionary" library="BuiltIn">
<doc>Creates and returns a dictionary based on the given ``items``.</doc>
<arguments>
<arg>email=vet.fml@mail.com</arg>
</arguments>
<assign>
<var>&amp;{usuario}</var>
</assign>
<msg timestamp="20220114 17:01:23.815" level="INFO">&amp;{usuario} = { email=vet.fml@mail.com }</msg>
<status status="PASS" starttime="20220114 17:01:23.814" endtime="20220114 17:01:23.815"></status>
</kw>
<kw name="POST" library="RequestsLibrary">
<doc>Sends a POST request.</doc>
<arguments>
<arg>http://marvel.qaninja.academy/accounts</arg>
<arg>json=${usuario}</arg>
</arguments>
<assign>
<var>${response}</var>
</assign>
<msg timestamp="20220114 17:01:24.172" level="INFO">POST Request : url=http://marvel.qaninja.academy/accounts 
 path_url=/accounts 
 headers={'User-Agent': 'python-requests/2.24.0', 'Accept-Encoding': 'gzip, deflate', 'Accept': '*/*', 'Connection': 'keep-alive', 'Content-Length': '29', 'Content-Type': 'application/json'} 
 body=b'{"email": "vet.fml@mail.com"}' 
 </msg>
<msg timestamp="20220114 17:01:24.172" level="INFO">POST Response : url=http://marvel.qaninja.academy/accounts 
 status=200, reason=OK 
 headers={'Server': 'Cowboy', 'Connection': 'keep-alive', 'X-Powered-By': 'Express', 'Access-Control-Allow-Origin': '*', 'Content-Type': 'application/json; charset=utf-8', 'Content-Length': '41', 'Etag': 'W/"29-yygltbmdMkGgkpohf00yeRDLWMU"', 'Date': 'Fri, 14 Jan 2022 20:03:34 GMT', 'Via': '1.1 vegur'} 
 body={"client_key":"61e1d716b7d05b001691dce0"} 
 </msg>
<msg timestamp="20220114 17:01:24.173" level="INFO">${response} = &lt;Response [200]&gt;</msg>
<status status="PASS" starttime="20220114 17:01:23.816" endtime="20220114 17:01:24.173"></status>
</kw>
<status status="PASS" starttime="20220114 17:01:23.812" endtime="20220114 17:01:24.174" critical="yes"></status>
</test>
<doc>Suite de Teste do cadastro de personagens da API da Marvel</doc>
<status status="PASS" starttime="20220114 17:01:23.576" endtime="20220114 17:01:24.178"></status>
</suite>
<statistics>
<total>
<stat pass="1" fail="0">Critical Tests</stat>
<stat pass="1" fail="0">All Tests</stat>
</total>
<tag>
</tag>
<suite>
<stat pass="1" fail="0" id="s1" name="CreateCharecters">CreateCharecters</stat>
</suite>
</statistics>
<errors>
</errors>
</robot>
