<?xml version="1.0" encoding="UTF-8"?>
<robot generator="Robot 3.2 (Python 3.8.2 on win32)" generated="20220119 20:00:02.281" rpa="false">
<suite id="s1" name="Specs" source="C:\Projetos\API_marvel\specs">
<suite id="s1-s1" name="CreateCharacters" source="C:\Projetos\API_marvel\specs\CreateCharacters.robot">
<kw name="Super Setup" library="Base" type="setup">
<arguments>
<arg>user@gmail.com</arg>
</arguments>
<kw name="Set Client Key" library="Base">
<arguments>
<arg>${email}</arg>
</arguments>
<kw name="Create Dictionary" library="BuiltIn">
<doc>Creates and returns a dictionary based on the given ``items``.</doc>
<arguments>
<arg>email=${email}</arg>
</arguments>
<assign>
<var>&amp;{usuario}</var>
</assign>
<msg timestamp="20220119 20:00:02.607" level="INFO">&amp;{usuario} = { email=user@gmail.com }</msg>
<status status="PASS" starttime="20220119 20:00:02.606" endtime="20220119 20:00:02.607"></status>
</kw>
<kw name="POST" library="RequestsLibrary">
<doc>Sends a POST request.</doc>
<arguments>
<arg>${API_URI}/accounts</arg>
<arg>json=${usuario}</arg>
</arguments>
<assign>
<var>${response}</var>
</assign>
<msg timestamp="20220119 20:00:02.989" level="INFO">POST Request : url=http://marvel.qaninja.academy/accounts 
 path_url=/accounts 
 headers={'User-Agent': 'python-requests/2.24.0', 'Accept-Encoding': 'gzip, deflate', 'Accept': '*/*', 'Connection': 'keep-alive', 'Content-Length': '27', 'Content-Type': 'application/json'} 
 body=b'{"email": "user@gmail.com"}' 
 </msg>
<msg timestamp="20220119 20:00:02.989" level="INFO">POST Response : url=http://marvel.qaninja.academy/accounts 
 status=200, reason=OK 
 headers={'Server': 'Cowboy', 'Connection': 'keep-alive', 'X-Powered-By': 'Express', 'Access-Control-Allow-Origin': '*', 'Content-Type': 'application/json; charset=utf-8', 'Content-Length': '41', 'Etag': 'W/"29-UZzdhC8vE5FKOik9t1hN64V7B2c"', 'Date': 'Wed, 19 Jan 2022 23:02:22 GMT', 'Via': '1.1 vegur'} 
 body={"client_key":"61e8987ebf053200161e5dff"} 
 </msg>
<msg timestamp="20220119 20:00:02.989" level="INFO">${response} = &lt;Response [200]&gt;</msg>
<status status="PASS" starttime="20220119 20:00:02.607" endtime="20220119 20:00:02.989"></status>
</kw>
<kw name="Set Variable" library="BuiltIn">
<doc>Returns the given values which can then be assigned to a variables.</doc>
<arguments>
<arg>${response.json()}[client_key]</arg>
</arguments>
<assign>
<var>${client_key}</var>
</assign>
<msg timestamp="20220119 20:00:02.991" level="INFO">${client_key} = 61e8987ebf053200161e5dff</msg>
<status status="PASS" starttime="20220119 20:00:02.990" endtime="20220119 20:00:02.991"></status>
</kw>
<kw name="Create Dictionary" library="BuiltIn">
<doc>Creates and returns a dictionary based on the given ``items``.</doc>
<arguments>
<arg>client_key=${client_key}</arg>
</arguments>
<assign>
<var>&amp;{HEADERS}</var>
</assign>
<msg timestamp="20220119 20:00:02.992" level="INFO">&amp;{HEADERS} = { client_key=61e8987ebf053200161e5dff }</msg>
<status status="PASS" starttime="20220119 20:00:02.991" endtime="20220119 20:00:02.992"></status>
</kw>
<kw name="Set Suite Variable" library="BuiltIn">
<doc>Makes a variable available everywhere within the scope of the current suite.</doc>
<arguments>
<arg>${HEADERS}</arg>
</arguments>
<msg timestamp="20220119 20:00:02.993" level="INFO">${HEADERS} = {'client_key': '61e8987ebf053200161e5dff'}</msg>
<status status="PASS" starttime="20220119 20:00:02.992" endtime="20220119 20:00:02.993"></status>
</kw>
<status status="PASS" starttime="20220119 20:00:02.605" endtime="20220119 20:00:02.994"></status>
</kw>
<kw name="Back To The Past" library="Base">
<kw name="DELETE" library="RequestsLibrary">
<doc>Sends a DELETE request.</doc>
<arguments>
<arg>${API_URI}/delorean</arg>
<arg>headers=${HEADERS}</arg>
</arguments>
<msg timestamp="20220119 20:00:03.293" level="INFO">DELETE Request : url=http://marvel.qaninja.academy/delorean 
 path_url=/delorean 
 headers={'User-Agent': 'python-requests/2.24.0', 'Accept-Encoding': 'gzip, deflate', 'Accept': '*/*', 'Connection': 'keep-alive', 'client_key': '61e8987ebf053200161e5dff', 'Content-Length': '0'} 
 body=None 
 </msg>
<msg timestamp="20220119 20:00:03.293" level="INFO">DELETE Response : url=http://marvel.qaninja.academy/delorean 
 status=200, reason=OK 
 headers={'Server': 'Cowboy', 'Connection': 'keep-alive', 'X-Powered-By': 'Express', 'Access-Control-Allow-Origin': '*', 'Content-Type': 'application/json; charset=utf-8', 'Content-Length': '31', 'Etag': 'W/"1f-ImqlboUfbv1n1FbEV48J/4RvhGg"', 'Date': 'Wed, 19 Jan 2022 23:02:22 GMT', 'Via': '1.1 vegur'} 
 body={"message":"Avengers Assemble"} 
 </msg>
<status status="PASS" starttime="20220119 20:00:02.994" endtime="20220119 20:00:03.294"></status>
</kw>
<status status="PASS" starttime="20220119 20:00:02.994" endtime="20220119 20:00:03.294"></status>
</kw>
<status status="PASS" starttime="20220119 20:00:02.604" endtime="20220119 20:00:03.294"></status>
</kw>
<test id="s1-s1-t1" name="Deve cadastrar um personagem">
<kw name="Factory Thanos" library="Thanos">
<assign>
<var>&amp;{personagem}</var>
</assign>
<msg timestamp="20220119 20:00:03.297" level="INFO">&amp;{personagem} = { name=Thanos de Titã | aliases=Thanos | age=3000 | team=Ordem Negra | active=False }</msg>
<status status="PASS" starttime="20220119 20:00:03.296" endtime="20220119 20:00:03.297"></status>
</kw>
<kw name="POST New Character" library="Characters">
<arguments>
<arg>${personagem}</arg>
</arguments>
<assign>
<var>${response}</var>
</assign>
<kw name="POST" library="RequestsLibrary">
<doc>Sends a POST request.</doc>
<arguments>
<arg>${API_URI}/characters</arg>
<arg>json=${payload}</arg>
<arg>headers=${HEADERS}</arg>
<arg>expected_status=any</arg>
</arguments>
<assign>
<var>${response}</var>
</assign>
<msg timestamp="20220119 20:00:03.608" level="INFO">POST Request : url=http://marvel.qaninja.academy/characters 
 path_url=/characters 
 headers={'User-Agent': 'python-requests/2.24.0', 'Accept-Encoding': 'gzip, deflate', 'Accept': '*/*', 'Connection': 'keep-alive', 'client_key': '61e8987ebf053200161e5dff', 'Content-Length': '105', 'Content-Type': 'application/json'} 
 body=b'{"name": "Thanos de Tit\\u00e3", "aliases": "Thanos", "age": 3000, "team": "Ordem Negra", "active": false}' 
 </msg>
<msg timestamp="20220119 20:00:03.608" level="INFO">POST Response : url=http://marvel.qaninja.academy/characters 
 status=200, reason=OK 
 headers={'Server': 'Cowboy', 'Connection': 'keep-alive', 'X-Powered-By': 'Express', 'Access-Control-Allow-Origin': '*', 'Content-Type': 'application/json; charset=utf-8', 'Content-Length': '160', 'Etag': 'W/"a0-zPaVl29Tk1OPt4917IG/3oWQ7ig"', 'Date': 'Wed, 19 Jan 2022 23:02:22 GMT', 'Via': '1.1 vegur'} 
 body={"_id":"61e8987ebf053200161e5e05","name":"Thanos de Titã","age":3000,"aliases":"Thanos","team":"Ordem Negra","active":false,"owner":"61e8987ebf053200161e5dff"} 
 </msg>
<msg timestamp="20220119 20:00:03.609" level="INFO">${response} = &lt;Response [200]&gt;</msg>
<status status="PASS" starttime="20220119 20:00:03.298" endtime="20220119 20:00:03.609"></status>
</kw>
<msg timestamp="20220119 20:00:03.609" level="INFO">${response} = &lt;Response [200]&gt;</msg>
<status status="PASS" starttime="20220119 20:00:03.298" endtime="20220119 20:00:03.610"></status>
</kw>
<kw name="Status Should Be" library="RequestsLibrary">
<doc>Fails if response status code is different than the expected.</doc>
<arguments>
<arg>200</arg>
<arg>${response}</arg>
</arguments>
<status status="PASS" starttime="20220119 20:00:03.610" endtime="20220119 20:00:03.611"></status>
</kw>
<status status="PASS" starttime="20220119 20:00:03.294" endtime="20220119 20:00:03.612" critical="yes"></status>
</test>
<test id="s1-s1-t2" name="Não deve cadastrar o mesmo nome">
<kw name="Factory Deadpool" library="Deadpool">
<assign>
<var>${personagem}</var>
</assign>
<msg timestamp="20220119 20:00:03.644" level="INFO">${personagem} = {'name': 'Wade Wilson', 'aliases': 'Deadpool', 'age': 35, 'team': 'X Force', 'active': True}</msg>
<status status="PASS" starttime="20220119 20:00:03.643" endtime="20220119 20:00:03.644"></status>
</kw>
<kw name="POST New Character" library="Characters">
<arguments>
<arg>${personagem}</arg>
</arguments>
<kw name="POST" library="RequestsLibrary">
<doc>Sends a POST request.</doc>
<arguments>
<arg>${API_URI}/characters</arg>
<arg>json=${payload}</arg>
<arg>headers=${HEADERS}</arg>
<arg>expected_status=any</arg>
</arguments>
<assign>
<var>${response}</var>
</assign>
<msg timestamp="20220119 20:00:04.361" level="INFO">POST Request : url=http://marvel.qaninja.academy/characters 
 path_url=/characters 
 headers={'User-Agent': 'python-requests/2.24.0', 'Accept-Encoding': 'gzip, deflate', 'Accept': '*/*', 'Connection': 'keep-alive', 'client_key': '61e8987ebf053200161e5dff', 'Content-Length': '92', 'Content-Type': 'application/json'} 
 body=b'{"name": "Wade Wilson", "aliases": "Deadpool", "age": 35, "team": "X Force", "active": true}' 
 </msg>
<msg timestamp="20220119 20:00:04.361" level="INFO">POST Response : url=http://marvel.qaninja.academy/characters 
 status=200, reason=OK 
 headers={'Server': 'Cowboy', 'Connection': 'keep-alive', 'X-Powered-By': 'Express', 'Access-Control-Allow-Origin': '*', 'Content-Type': 'application/json; charset=utf-8', 'Content-Length': '151', 'Etag': 'W/"97-ypMynNZfxD3xCNqqVbbN+vVTAzM"', 'Date': 'Wed, 19 Jan 2022 23:02:23 GMT', 'Via': '1.1 vegur'} 
 body={"_id":"61e8987fbf053200161e5e09","name":"Wade Wilson","age":35,"aliases":"Deadpool","team":"X Force","active":true,"owner":"61e8987ebf053200161e5dff"} 
 </msg>
<msg timestamp="20220119 20:00:04.361" level="INFO">${response} = &lt;Response [200]&gt;</msg>
<status status="PASS" starttime="20220119 20:00:03.650" endtime="20220119 20:00:04.361"></status>
</kw>
<status status="PASS" starttime="20220119 20:00:03.649" endtime="20220119 20:00:04.362"></status>
</kw>
<kw name="POST New Character" library="Characters">
<arguments>
<arg>${personagem}</arg>
</arguments>
<assign>
<var>${response}</var>
</assign>
<kw name="POST" library="RequestsLibrary">
<doc>Sends a POST request.</doc>
<arguments>
<arg>${API_URI}/characters</arg>
<arg>json=${payload}</arg>
<arg>headers=${HEADERS}</arg>
<arg>expected_status=any</arg>
</arguments>
<assign>
<var>${response}</var>
</assign>
<msg timestamp="20220119 20:00:05.065" level="INFO">POST Request : url=http://marvel.qaninja.academy/characters 
 path_url=/characters 
 headers={'User-Agent': 'python-requests/2.24.0', 'Accept-Encoding': 'gzip, deflate', 'Accept': '*/*', 'Connection': 'keep-alive', 'client_key': '61e8987ebf053200161e5dff', 'Content-Length': '92', 'Content-Type': 'application/json'} 
 body=b'{"name": "Wade Wilson", "aliases": "Deadpool", "age": 35, "team": "X Force", "active": true}' 
 </msg>
<msg timestamp="20220119 20:00:05.066" level="INFO">POST Response : url=http://marvel.qaninja.academy/characters 
 status=409, reason=Conflict 
 headers={'Server': 'Cowboy', 'Connection': 'keep-alive', 'X-Powered-By': 'Express', 'Access-Control-Allow-Origin': '*', 'Content-Type': 'application/json; charset=utf-8', 'Content-Length': '39', 'Etag': 'W/"27-u8CjYCAAYHK/l+EQR0JyKi0LQGU"', 'Date': 'Wed, 19 Jan 2022 23:02:23 GMT', 'Via': '1.1 vegur'} 
 body={"error":"Character already exists :("} 
 </msg>
<msg timestamp="20220119 20:00:05.067" level="INFO">${response} = &lt;Response [409]&gt;</msg>
<status status="PASS" starttime="20220119 20:00:04.363" endtime="20220119 20:00:05.067"></status>
</kw>
<msg timestamp="20220119 20:00:05.067" level="INFO">${response} = &lt;Response [409]&gt;</msg>
<status status="PASS" starttime="20220119 20:00:04.362" endtime="20220119 20:00:05.067"></status>
</kw>
<kw name="Status Should Be" library="RequestsLibrary">
<doc>Fails if response status code is different than the expected.</doc>
<arguments>
<arg>409</arg>
<arg>${response}</arg>
</arguments>
<status status="PASS" starttime="20220119 20:00:05.069" endtime="20220119 20:00:05.070"></status>
</kw>
<kw name="Should Be Equal" library="BuiltIn">
<doc>Fails if the given objects are unequal.</doc>
<arguments>
<arg>${response.json()}[error]</arg>
<arg>Character already exists :(</arg>
</arguments>
<status status="PASS" starttime="20220119 20:00:05.073" endtime="20220119 20:00:05.075"></status>
</kw>
<status status="PASS" starttime="20220119 20:00:03.642" endtime="20220119 20:00:05.082" critical="yes"></status>
</test>
<doc>Suite de Teste do cadastro de personagens na API da Marvel</doc>
<status status="PASS" starttime="20220119 20:00:02.339" endtime="20220119 20:00:05.089"></status>
</suite>
<suite id="s1-s2" name="RemoveCharacter" source="C:\Projetos\API_marvel\specs\RemoveCharacter.robot">
<kw name="Super Setup" library="Base" type="setup">
<arguments>
<arg>user@gmail.com</arg>
</arguments>
<kw name="Set Client Key" library="Base">
<arguments>
<arg>${email}</arg>
</arguments>
<kw name="Create Dictionary" library="BuiltIn">
<doc>Creates and returns a dictionary based on the given ``items``.</doc>
<arguments>
<arg>email=${email}</arg>
</arguments>
<assign>
<var>&amp;{usuario}</var>
</assign>
<msg timestamp="20220119 20:00:05.117" level="INFO">&amp;{usuario} = { email=user@gmail.com }</msg>
<status status="PASS" starttime="20220119 20:00:05.116" endtime="20220119 20:00:05.117"></status>
</kw>
<kw name="POST" library="RequestsLibrary">
<doc>Sends a POST request.</doc>
<arguments>
<arg>${API_URI}/accounts</arg>
<arg>json=${usuario}</arg>
</arguments>
<assign>
<var>${response}</var>
</assign>
<msg timestamp="20220119 20:00:05.408" level="INFO">POST Request : url=http://marvel.qaninja.academy/accounts 
 path_url=/accounts 
 headers={'User-Agent': 'python-requests/2.24.0', 'Accept-Encoding': 'gzip, deflate', 'Accept': '*/*', 'Connection': 'keep-alive', 'Content-Length': '27', 'Content-Type': 'application/json'} 
 body=b'{"email": "user@gmail.com"}' 
 </msg>
<msg timestamp="20220119 20:00:05.408" level="INFO">POST Response : url=http://marvel.qaninja.academy/accounts 
 status=200, reason=OK 
 headers={'Server': 'Cowboy', 'Connection': 'keep-alive', 'X-Powered-By': 'Express', 'Access-Control-Allow-Origin': '*', 'Content-Type': 'application/json; charset=utf-8', 'Content-Length': '41', 'Etag': 'W/"29-UZzdhC8vE5FKOik9t1hN64V7B2c"', 'Date': 'Wed, 19 Jan 2022 23:02:24 GMT', 'Via': '1.1 vegur'} 
 body={"client_key":"61e8987ebf053200161e5dff"} 
 </msg>
<msg timestamp="20220119 20:00:05.409" level="INFO">${response} = &lt;Response [200]&gt;</msg>
<status status="PASS" starttime="20220119 20:00:05.118" endtime="20220119 20:00:05.409"></status>
</kw>
<kw name="Set Variable" library="BuiltIn">
<doc>Returns the given values which can then be assigned to a variables.</doc>
<arguments>
<arg>${response.json()}[client_key]</arg>
</arguments>
<assign>
<var>${client_key}</var>
</assign>
<msg timestamp="20220119 20:00:05.410" level="INFO">${client_key} = 61e8987ebf053200161e5dff</msg>
<status status="PASS" starttime="20220119 20:00:05.409" endtime="20220119 20:00:05.410"></status>
</kw>
<kw name="Create Dictionary" library="BuiltIn">
<doc>Creates and returns a dictionary based on the given ``items``.</doc>
<arguments>
<arg>client_key=${client_key}</arg>
</arguments>
<assign>
<var>&amp;{HEADERS}</var>
</assign>
<msg timestamp="20220119 20:00:05.412" level="INFO">&amp;{HEADERS} = { client_key=61e8987ebf053200161e5dff }</msg>
<status status="PASS" starttime="20220119 20:00:05.410" endtime="20220119 20:00:05.412"></status>
</kw>
<kw name="Set Suite Variable" library="BuiltIn">
<doc>Makes a variable available everywhere within the scope of the current suite.</doc>
<arguments>
<arg>${HEADERS}</arg>
</arguments>
<msg timestamp="20220119 20:00:05.413" level="INFO">${HEADERS} = {'client_key': '61e8987ebf053200161e5dff'}</msg>
<status status="PASS" starttime="20220119 20:00:05.412" endtime="20220119 20:00:05.413"></status>
</kw>
<status status="PASS" starttime="20220119 20:00:05.115" endtime="20220119 20:00:05.413"></status>
</kw>
<kw name="Back To The Past" library="Base">
<kw name="DELETE" library="RequestsLibrary">
<doc>Sends a DELETE request.</doc>
<arguments>
<arg>${API_URI}/delorean</arg>
<arg>headers=${HEADERS}</arg>
</arguments>
<msg timestamp="20220119 20:00:05.712" level="INFO">DELETE Request : url=http://marvel.qaninja.academy/delorean 
 path_url=/delorean 
 headers={'User-Agent': 'python-requests/2.24.0', 'Accept-Encoding': 'gzip, deflate', 'Accept': '*/*', 'Connection': 'keep-alive', 'client_key': '61e8987ebf053200161e5dff', 'Content-Length': '0'} 
 body=None 
 </msg>
<msg timestamp="20220119 20:00:05.712" level="INFO">DELETE Response : url=http://marvel.qaninja.academy/delorean 
 status=200, reason=OK 
 headers={'Server': 'Cowboy', 'Connection': 'keep-alive', 'X-Powered-By': 'Express', 'Access-Control-Allow-Origin': '*', 'Content-Type': 'application/json; charset=utf-8', 'Content-Length': '31', 'Etag': 'W/"1f-ImqlboUfbv1n1FbEV48J/4RvhGg"', 'Date': 'Wed, 19 Jan 2022 23:02:24 GMT', 'Via': '1.1 vegur'} 
 body={"message":"Avengers Assemble"} 
 </msg>
<status status="PASS" starttime="20220119 20:00:05.414" endtime="20220119 20:00:05.712"></status>
</kw>
<status status="PASS" starttime="20220119 20:00:05.413" endtime="20220119 20:00:05.713"></status>
</kw>
<status status="PASS" starttime="20220119 20:00:05.114" endtime="20220119 20:00:05.713"></status>
</kw>
<test id="s1-s2-t1" name="Deve remover um personagem pelo Id">
<kw name="Factory Rogue" library="Xmen">
<assign>
<var>${personagem}</var>
</assign>
<msg timestamp="20220119 20:00:05.715" level="INFO">${personagem} = {'name': 'Anna', 'aliases': 'Rogue', 'age': 26, 'team': 'X-men', 'active': True}</msg>
<status status="PASS" starttime="20220119 20:00:05.715" endtime="20220119 20:00:05.715"></status>
</kw>
<kw name="POST New Character" library="Characters">
<arguments>
<arg>${personagem}</arg>
</arguments>
<assign>
<var>${rogue}</var>
</assign>
<kw name="POST" library="RequestsLibrary">
<doc>Sends a POST request.</doc>
<arguments>
<arg>${API_URI}/characters</arg>
<arg>json=${payload}</arg>
<arg>headers=${HEADERS}</arg>
<arg>expected_status=any</arg>
</arguments>
<assign>
<var>${response}</var>
</assign>
<msg timestamp="20220119 20:00:06.023" level="INFO">POST Request : url=http://marvel.qaninja.academy/characters 
 path_url=/characters 
 headers={'User-Agent': 'python-requests/2.24.0', 'Accept-Encoding': 'gzip, deflate', 'Accept': '*/*', 'Connection': 'keep-alive', 'client_key': '61e8987ebf053200161e5dff', 'Content-Length': '80', 'Content-Type': 'application/json'} 
 body=b'{"name": "Anna", "aliases": "Rogue", "age": 26, "team": "X-men", "active": true}' 
 </msg>
<msg timestamp="20220119 20:00:06.023" level="INFO">POST Response : url=http://marvel.qaninja.academy/characters 
 status=200, reason=OK 
 headers={'Server': 'Cowboy', 'Connection': 'keep-alive', 'X-Powered-By': 'Express', 'Access-Control-Allow-Origin': '*', 'Content-Type': 'application/json; charset=utf-8', 'Content-Length': '139', 'Etag': 'W/"8b-aJh4RS+6tUxev8yDyKCcM7DZNTw"', 'Date': 'Wed, 19 Jan 2022 23:02:25 GMT', 'Via': '1.1 vegur'} 
 body={"_id":"61e89881bf053200161e5e12","name":"Anna","age":26,"aliases":"Rogue","team":"X-men","active":true,"owner":"61e8987ebf053200161e5dff"} 
 </msg>
<msg timestamp="20220119 20:00:06.024" level="INFO">${response} = &lt;Response [200]&gt;</msg>
<status status="PASS" starttime="20220119 20:00:05.717" endtime="20220119 20:00:06.024"></status>
</kw>
<msg timestamp="20220119 20:00:06.024" level="INFO">${rogue} = &lt;Response [200]&gt;</msg>
<status status="PASS" starttime="20220119 20:00:05.716" endtime="20220119 20:00:06.024"></status>
</kw>
<kw name="Set Variable" library="BuiltIn">
<doc>Returns the given values which can then be assigned to a variables.</doc>
<arguments>
<arg>${rogue.json()}[_id]</arg>
</arguments>
<assign>
<var>${rogue_id}</var>
</assign>
<msg timestamp="20220119 20:00:06.026" level="INFO">${rogue_id} = 61e89881bf053200161e5e12</msg>
<status status="PASS" starttime="20220119 20:00:06.025" endtime="20220119 20:00:06.026"></status>
</kw>
<kw name="DELETE Character By Id" library="Characters">
<arguments>
<arg>${rogue_id}</arg>
</arguments>
<assign>
<var>${response}</var>
</assign>
<kw name="DELETE" library="RequestsLibrary">
<doc>Sends a DELETE request.</doc>
<arguments>
<arg>${API_URI}/characters/${characters_Id}</arg>
<arg>headers=${HEADERS}</arg>
<arg>expected_status=any</arg>
</arguments>
<assign>
<var>${response}</var>
</assign>
<msg timestamp="20220119 20:00:06.329" level="INFO">DELETE Request : url=http://marvel.qaninja.academy/characters/61e89881bf053200161e5e12 
 path_url=/characters/61e89881bf053200161e5e12 
 headers={'User-Agent': 'python-requests/2.24.0', 'Accept-Encoding': 'gzip, deflate', 'Accept': '*/*', 'Connection': 'keep-alive', 'client_key': '61e8987ebf053200161e5dff', 'Content-Length': '0'} 
 body=None 
 </msg>
<msg timestamp="20220119 20:00:06.329" level="INFO">DELETE Response : url=http://marvel.qaninja.academy/characters/61e89881bf053200161e5e12 
 status=204, reason=No Content 
 headers={'Server': 'Cowboy', 'Content-Length': '0', 'Connection': 'keep-alive', 'X-Powered-By': 'Express', 'Access-Control-Allow-Origin': '*', 'Date': 'Wed, 19 Jan 2022 23:02:25 GMT', 'Via': '1.1 vegur'} 
 body=None 
 </msg>
<msg timestamp="20220119 20:00:06.330" level="INFO">${response} = &lt;Response [204]&gt;</msg>
<status status="PASS" starttime="20220119 20:00:06.028" endtime="20220119 20:00:06.330"></status>
</kw>
<msg timestamp="20220119 20:00:06.330" level="INFO">${response} = &lt;Response [204]&gt;</msg>
<status status="PASS" starttime="20220119 20:00:06.027" endtime="20220119 20:00:06.330"></status>
</kw>
<kw name="Status Should Be" library="RequestsLibrary">
<doc>Fails if response status code is different than the expected.</doc>
<arguments>
<arg>204</arg>
<arg>${response}</arg>
</arguments>
<status status="PASS" starttime="20220119 20:00:06.331" endtime="20220119 20:00:06.332"></status>
</kw>
<kw name="GET Character By Id" library="Characters">
<arguments>
<arg>${rogue_id}</arg>
</arguments>
<assign>
<var>${response2}</var>
</assign>
<kw name="GET" library="RequestsLibrary">
<doc>Sends a GET request.</doc>
<arguments>
<arg>${API_URI}/characters/${characters_Id}</arg>
<arg>headers=${HEADERS}</arg>
<arg>expected_status=any</arg>
</arguments>
<assign>
<var>${response}</var>
</assign>
<msg timestamp="20220119 20:00:06.629" level="INFO">GET Request : url=http://marvel.qaninja.academy/characters/61e89881bf053200161e5e12 
 path_url=/characters/61e89881bf053200161e5e12 
 headers={'User-Agent': 'python-requests/2.24.0', 'Accept-Encoding': 'gzip, deflate', 'Accept': '*/*', 'Connection': 'keep-alive', 'client_key': '61e8987ebf053200161e5dff'} 
 body=None 
 </msg>
<msg timestamp="20220119 20:00:06.629" level="INFO">GET Response : url=http://marvel.qaninja.academy/characters/61e89881bf053200161e5e12 
 status=404, reason=Not Found 
 headers={'Server': 'Cowboy', 'Connection': 'keep-alive', 'X-Powered-By': 'Express', 'Access-Control-Allow-Origin': '*', 'Date': 'Wed, 19 Jan 2022 23:02:25 GMT', 'Content-Length': '0', 'Via': '1.1 vegur'} 
 body=None 
 </msg>
<msg timestamp="20220119 20:00:06.629" level="INFO">${response} = &lt;Response [404]&gt;</msg>
<status status="PASS" starttime="20220119 20:00:06.334" endtime="20220119 20:00:06.629"></status>
</kw>
<msg timestamp="20220119 20:00:06.630" level="INFO">${response2} = &lt;Response [404]&gt;</msg>
<status status="PASS" starttime="20220119 20:00:06.333" endtime="20220119 20:00:06.630"></status>
</kw>
<kw name="Status Should Be" library="RequestsLibrary">
<doc>Fails if response status code is different than the expected.</doc>
<arguments>
<arg>404</arg>
<arg>${response2}</arg>
</arguments>
<status status="PASS" starttime="20220119 20:00:06.631" endtime="20220119 20:00:06.632"></status>
</kw>
<status status="PASS" starttime="20220119 20:00:05.713" endtime="20220119 20:00:06.633" critical="yes"></status>
</test>
<test id="s1-s2-t2" name="Não deve retornar personagem por Id">
<kw name="Get Unique Id" library="Helpers">
<assign>
<var>${personagem_id}</var>
</assign>
<msg timestamp="20220119 20:00:06.637" level="INFO">${personagem_id} = 61e897f6850b1318202d0dd9</msg>
<status status="PASS" starttime="20220119 20:00:06.637" endtime="20220119 20:00:06.637"></status>
</kw>
<kw name="DELETE Character By Id" library="Characters">
<arguments>
<arg>${personagem_id}</arg>
</arguments>
<assign>
<var>${response}</var>
</assign>
<kw name="DELETE" library="RequestsLibrary">
<doc>Sends a DELETE request.</doc>
<arguments>
<arg>${API_URI}/characters/${characters_Id}</arg>
<arg>headers=${HEADERS}</arg>
<arg>expected_status=any</arg>
</arguments>
<assign>
<var>${response}</var>
</assign>
<msg timestamp="20220119 20:00:07.926" level="INFO">DELETE Request : url=http://marvel.qaninja.academy/characters/61e897f6850b1318202d0dd9 
 path_url=/characters/61e897f6850b1318202d0dd9 
 headers={'User-Agent': 'python-requests/2.24.0', 'Accept-Encoding': 'gzip, deflate', 'Accept': '*/*', 'Connection': 'keep-alive', 'client_key': '61e8987ebf053200161e5dff', 'Content-Length': '0'} 
 body=None 
 </msg>
<msg timestamp="20220119 20:00:07.927" level="INFO">DELETE Response : url=http://marvel.qaninja.academy/characters/61e897f6850b1318202d0dd9 
 status=404, reason=Not Found 
 headers={'Server': 'Cowboy', 'Connection': 'keep-alive', 'X-Powered-By': 'Express', 'Access-Control-Allow-Origin': '*', 'Date': 'Wed, 19 Jan 2022 23:02:26 GMT', 'Content-Length': '0', 'Via': '1.1 vegur'} 
 body=None 
 </msg>
<msg timestamp="20220119 20:00:07.927" level="INFO">${response} = &lt;Response [404]&gt;</msg>
<status status="PASS" starttime="20220119 20:00:06.639" endtime="20220119 20:00:07.927"></status>
</kw>
<msg timestamp="20220119 20:00:07.928" level="INFO">${response} = &lt;Response [404]&gt;</msg>
<status status="PASS" starttime="20220119 20:00:06.638" endtime="20220119 20:00:07.928"></status>
</kw>
<kw name="Status Should Be" library="RequestsLibrary">
<doc>Fails if response status code is different than the expected.</doc>
<arguments>
<arg>404</arg>
<arg>${response}</arg>
</arguments>
<status status="PASS" starttime="20220119 20:00:07.929" endtime="20220119 20:00:07.929"></status>
</kw>
<status status="PASS" starttime="20220119 20:00:06.636" endtime="20220119 20:00:07.930" critical="yes"></status>
</test>
<doc>Suite de Teste de busca de personagens na API da Marvel</doc>
<status status="PASS" starttime="20220119 20:00:05.100" endtime="20220119 20:00:07.934"></status>
</suite>
<suite id="s1-s3" name="SearchCharacter" source="C:\Projetos\API_marvel\specs\SearchCharacter.robot">
<kw name="Super Setup" library="Base" type="setup">
<arguments>
<arg>user@gmail.com</arg>
</arguments>
<kw name="Set Client Key" library="Base">
<arguments>
<arg>${email}</arg>
</arguments>
<kw name="Create Dictionary" library="BuiltIn">
<doc>Creates and returns a dictionary based on the given ``items``.</doc>
<arguments>
<arg>email=${email}</arg>
</arguments>
<assign>
<var>&amp;{usuario}</var>
</assign>
<msg timestamp="20220119 20:00:07.953" level="INFO">&amp;{usuario} = { email=user@gmail.com }</msg>
<status status="PASS" starttime="20220119 20:00:07.952" endtime="20220119 20:00:07.953"></status>
</kw>
<kw name="POST" library="RequestsLibrary">
<doc>Sends a POST request.</doc>
<arguments>
<arg>${API_URI}/accounts</arg>
<arg>json=${usuario}</arg>
</arguments>
<assign>
<var>${response}</var>
</assign>
<msg timestamp="20220119 20:00:09.289" level="INFO">POST Request : url=http://marvel.qaninja.academy/accounts 
 path_url=/accounts 
 headers={'User-Agent': 'python-requests/2.24.0', 'Accept-Encoding': 'gzip, deflate', 'Accept': '*/*', 'Connection': 'keep-alive', 'Content-Length': '27', 'Content-Type': 'application/json'} 
 body=b'{"email": "user@gmail.com"}' 
 </msg>
<msg timestamp="20220119 20:00:09.289" level="INFO">POST Response : url=http://marvel.qaninja.academy/accounts 
 status=200, reason=OK 
 headers={'Server': 'Cowboy', 'Connection': 'keep-alive', 'X-Powered-By': 'Express', 'Access-Control-Allow-Origin': '*', 'Content-Type': 'application/json; charset=utf-8', 'Content-Length': '41', 'Etag': 'W/"29-UZzdhC8vE5FKOik9t1hN64V7B2c"', 'Date': 'Wed, 19 Jan 2022 23:02:28 GMT', 'Via': '1.1 vegur'} 
 body={"client_key":"61e8987ebf053200161e5dff"} 
 </msg>
<msg timestamp="20220119 20:00:09.289" level="INFO">${response} = &lt;Response [200]&gt;</msg>
<status status="PASS" starttime="20220119 20:00:07.954" endtime="20220119 20:00:09.290"></status>
</kw>
<kw name="Set Variable" library="BuiltIn">
<doc>Returns the given values which can then be assigned to a variables.</doc>
<arguments>
<arg>${response.json()}[client_key]</arg>
</arguments>
<assign>
<var>${client_key}</var>
</assign>
<msg timestamp="20220119 20:00:09.291" level="INFO">${client_key} = 61e8987ebf053200161e5dff</msg>
<status status="PASS" starttime="20220119 20:00:09.290" endtime="20220119 20:00:09.291"></status>
</kw>
<kw name="Create Dictionary" library="BuiltIn">
<doc>Creates and returns a dictionary based on the given ``items``.</doc>
<arguments>
<arg>client_key=${client_key}</arg>
</arguments>
<assign>
<var>&amp;{HEADERS}</var>
</assign>
<msg timestamp="20220119 20:00:09.292" level="INFO">&amp;{HEADERS} = { client_key=61e8987ebf053200161e5dff }</msg>
<status status="PASS" starttime="20220119 20:00:09.291" endtime="20220119 20:00:09.292"></status>
</kw>
<kw name="Set Suite Variable" library="BuiltIn">
<doc>Makes a variable available everywhere within the scope of the current suite.</doc>
<arguments>
<arg>${HEADERS}</arg>
</arguments>
<msg timestamp="20220119 20:00:09.293" level="INFO">${HEADERS} = {'client_key': '61e8987ebf053200161e5dff'}</msg>
<status status="PASS" starttime="20220119 20:00:09.292" endtime="20220119 20:00:09.293"></status>
</kw>
<status status="PASS" starttime="20220119 20:00:07.952" endtime="20220119 20:00:09.293"></status>
</kw>
<kw name="Back To The Past" library="Base">
<kw name="DELETE" library="RequestsLibrary">
<doc>Sends a DELETE request.</doc>
<arguments>
<arg>${API_URI}/delorean</arg>
<arg>headers=${HEADERS}</arg>
</arguments>
<msg timestamp="20220119 20:00:09.595" level="INFO">DELETE Request : url=http://marvel.qaninja.academy/delorean 
 path_url=/delorean 
 headers={'User-Agent': 'python-requests/2.24.0', 'Accept-Encoding': 'gzip, deflate', 'Accept': '*/*', 'Connection': 'keep-alive', 'client_key': '61e8987ebf053200161e5dff', 'Content-Length': '0'} 
 body=None 
 </msg>
<msg timestamp="20220119 20:00:09.595" level="INFO">DELETE Response : url=http://marvel.qaninja.academy/delorean 
 status=200, reason=OK 
 headers={'Server': 'Cowboy', 'Connection': 'keep-alive', 'X-Powered-By': 'Express', 'Access-Control-Allow-Origin': '*', 'Content-Type': 'application/json; charset=utf-8', 'Content-Length': '31', 'Etag': 'W/"1f-ImqlboUfbv1n1FbEV48J/4RvhGg"', 'Date': 'Wed, 19 Jan 2022 23:02:28 GMT', 'Via': '1.1 vegur'} 
 body={"message":"Avengers Assemble"} 
 </msg>
<status status="PASS" starttime="20220119 20:00:09.294" endtime="20220119 20:00:09.595"></status>
</kw>
<status status="PASS" starttime="20220119 20:00:09.294" endtime="20220119 20:00:09.596"></status>
</kw>
<status status="PASS" starttime="20220119 20:00:07.951" endtime="20220119 20:00:09.596"></status>
</kw>
<test id="s1-s3-t1" name="Deve buscar um personagem pelo Id">
<kw name="Factory Rogue" library="Xmen">
<assign>
<var>${personagem}</var>
</assign>
<msg timestamp="20220119 20:00:09.598" level="INFO">${personagem} = {'name': 'Anna', 'aliases': 'Rogue', 'age': 26, 'team': 'X-men', 'active': True}</msg>
<status status="PASS" starttime="20220119 20:00:09.598" endtime="20220119 20:00:09.598"></status>
</kw>
<kw name="POST New Character" library="Characters">
<arguments>
<arg>${personagem}</arg>
</arguments>
<assign>
<var>${rogue}</var>
</assign>
<kw name="POST" library="RequestsLibrary">
<doc>Sends a POST request.</doc>
<arguments>
<arg>${API_URI}/characters</arg>
<arg>json=${payload}</arg>
<arg>headers=${HEADERS}</arg>
<arg>expected_status=any</arg>
</arguments>
<assign>
<var>${response}</var>
</assign>
<msg timestamp="20220119 20:00:09.902" level="INFO">POST Request : url=http://marvel.qaninja.academy/characters 
 path_url=/characters 
 headers={'User-Agent': 'python-requests/2.24.0', 'Accept-Encoding': 'gzip, deflate', 'Accept': '*/*', 'Connection': 'keep-alive', 'client_key': '61e8987ebf053200161e5dff', 'Content-Length': '80', 'Content-Type': 'application/json'} 
 body=b'{"name": "Anna", "aliases": "Rogue", "age": 26, "team": "X-men", "active": true}' 
 </msg>
<msg timestamp="20220119 20:00:09.902" level="INFO">POST Response : url=http://marvel.qaninja.academy/characters 
 status=200, reason=OK 
 headers={'Server': 'Cowboy', 'Connection': 'keep-alive', 'X-Powered-By': 'Express', 'Access-Control-Allow-Origin': '*', 'Content-Type': 'application/json; charset=utf-8', 'Content-Length': '139', 'Etag': 'W/"8b-qrulKIYYOBLK4AazkeijzT0cPSI"', 'Date': 'Wed, 19 Jan 2022 23:02:28 GMT', 'Via': '1.1 vegur'} 
 body={"_id":"61e89884bf053200161e5e20","name":"Anna","age":26,"aliases":"Rogue","team":"X-men","active":true,"owner":"61e8987ebf053200161e5dff"} 
 </msg>
<msg timestamp="20220119 20:00:09.903" level="INFO">${response} = &lt;Response [200]&gt;</msg>
<status status="PASS" starttime="20220119 20:00:09.600" endtime="20220119 20:00:09.903"></status>
</kw>
<msg timestamp="20220119 20:00:09.903" level="INFO">${rogue} = &lt;Response [200]&gt;</msg>
<status status="PASS" starttime="20220119 20:00:09.599" endtime="20220119 20:00:09.903"></status>
</kw>
<kw name="Set Variable" library="BuiltIn">
<doc>Returns the given values which can then be assigned to a variables.</doc>
<arguments>
<arg>${rogue.json()}[_id]</arg>
</arguments>
<assign>
<var>${rogue_id}</var>
</assign>
<msg timestamp="20220119 20:00:09.905" level="INFO">${rogue_id} = 61e89884bf053200161e5e20</msg>
<status status="PASS" starttime="20220119 20:00:09.905" endtime="20220119 20:00:09.906"></status>
</kw>
<kw name="GET Character By Id" library="Characters">
<arguments>
<arg>${rogue_id}</arg>
</arguments>
<assign>
<var>${response}</var>
</assign>
<kw name="GET" library="RequestsLibrary">
<doc>Sends a GET request.</doc>
<arguments>
<arg>${API_URI}/characters/${characters_Id}</arg>
<arg>headers=${HEADERS}</arg>
<arg>expected_status=any</arg>
</arguments>
<assign>
<var>${response}</var>
</assign>
<msg timestamp="20220119 20:00:10.221" level="INFO">GET Request : url=http://marvel.qaninja.academy/characters/61e89884bf053200161e5e20 
 path_url=/characters/61e89884bf053200161e5e20 
 headers={'User-Agent': 'python-requests/2.24.0', 'Accept-Encoding': 'gzip, deflate', 'Accept': '*/*', 'Connection': 'keep-alive', 'client_key': '61e8987ebf053200161e5dff'} 
 body=None 
 </msg>
<msg timestamp="20220119 20:00:10.221" level="INFO">GET Response : url=http://marvel.qaninja.academy/characters/61e89884bf053200161e5e20 
 status=200, reason=OK 
 headers={'Server': 'Cowboy', 'Connection': 'keep-alive', 'X-Powered-By': 'Express', 'Access-Control-Allow-Origin': '*', 'Content-Type': 'application/json; charset=utf-8', 'Content-Length': '139', 'Etag': 'W/"8b-qrulKIYYOBLK4AazkeijzT0cPSI"', 'Date': 'Wed, 19 Jan 2022 23:02:29 GMT', 'Via': '1.1 vegur'} 
 body={"_id":"61e89884bf053200161e5e20","name":"Anna","age":26,"aliases":"Rogue","team":"X-men","active":true,"owner":"61e8987ebf053200161e5dff"} 
 </msg>
<msg timestamp="20220119 20:00:10.221" level="INFO">${response} = &lt;Response [200]&gt;</msg>
<status status="PASS" starttime="20220119 20:00:09.907" endtime="20220119 20:00:10.222"></status>
</kw>
<msg timestamp="20220119 20:00:10.222" level="INFO">${response} = &lt;Response [200]&gt;</msg>
<status status="PASS" starttime="20220119 20:00:09.906" endtime="20220119 20:00:10.222"></status>
</kw>
<kw name="Status Should Be" library="RequestsLibrary">
<doc>Fails if response status code is different than the expected.</doc>
<arguments>
<arg>200</arg>
<arg>${response}</arg>
</arguments>
<status status="PASS" starttime="20220119 20:00:10.223" endtime="20220119 20:00:10.224"></status>
</kw>
<kw name="Should Be Equal" library="BuiltIn">
<doc>Fails if the given objects are unequal.</doc>
<arguments>
<arg>${rogue.json()}[name]</arg>
<arg>${personagem}[name]</arg>
</arguments>
<status status="PASS" starttime="20220119 20:00:10.224" endtime="20220119 20:00:10.226"></status>
</kw>
<kw name="Should Be Equal" library="BuiltIn">
<doc>Fails if the given objects are unequal.</doc>
<arguments>
<arg>${rogue.json()}[age]</arg>
<arg>${personagem}[age]</arg>
</arguments>
<status status="PASS" starttime="20220119 20:00:10.227" endtime="20220119 20:00:10.227"></status>
</kw>
<kw name="Should Be Equal" library="BuiltIn">
<doc>Fails if the given objects are unequal.</doc>
<arguments>
<arg>${rogue.json()}[aliases]</arg>
<arg>${personagem}[aliases]</arg>
</arguments>
<status status="PASS" starttime="20220119 20:00:10.228" endtime="20220119 20:00:10.229"></status>
</kw>
<kw name="Should Be Equal" library="BuiltIn">
<doc>Fails if the given objects are unequal.</doc>
<arguments>
<arg>${rogue.json()}[team]</arg>
<arg>${personagem}[team]</arg>
</arguments>
<status status="PASS" starttime="20220119 20:00:10.230" endtime="20220119 20:00:10.231"></status>
</kw>
<status status="PASS" starttime="20220119 20:00:09.596" endtime="20220119 20:00:10.232" critical="yes"></status>
</test>
<test id="s1-s3-t2" name="Não deve retornar personagem por Id">
<kw name="Get Unique Id" library="Helpers">
<assign>
<var>${personagem_id}</var>
</assign>
<msg timestamp="20220119 20:00:10.237" level="INFO">${personagem_id} = 61e897fa850b1318202d0dda</msg>
<status status="PASS" starttime="20220119 20:00:10.237" endtime="20220119 20:00:10.238"></status>
</kw>
<kw name="GET Character By Id" library="Characters">
<arguments>
<arg>${personagem_id}</arg>
</arguments>
<assign>
<var>${response}</var>
</assign>
<kw name="GET" library="RequestsLibrary">
<doc>Sends a GET request.</doc>
<arguments>
<arg>${API_URI}/characters/${characters_Id}</arg>
<arg>headers=${HEADERS}</arg>
<arg>expected_status=any</arg>
</arguments>
<assign>
<var>${response}</var>
</assign>
<msg timestamp="20220119 20:00:10.542" level="INFO">GET Request : url=http://marvel.qaninja.academy/characters/61e897fa850b1318202d0dda 
 path_url=/characters/61e897fa850b1318202d0dda 
 headers={'User-Agent': 'python-requests/2.24.0', 'Accept-Encoding': 'gzip, deflate', 'Accept': '*/*', 'Connection': 'keep-alive', 'client_key': '61e8987ebf053200161e5dff'} 
 body=None 
 </msg>
<msg timestamp="20220119 20:00:10.542" level="INFO">GET Response : url=http://marvel.qaninja.academy/characters/61e897fa850b1318202d0dda 
 status=404, reason=Not Found 
 headers={'Server': 'Cowboy', 'Connection': 'keep-alive', 'X-Powered-By': 'Express', 'Access-Control-Allow-Origin': '*', 'Date': 'Wed, 19 Jan 2022 23:02:29 GMT', 'Content-Length': '0', 'Via': '1.1 vegur'} 
 body=None 
 </msg>
<msg timestamp="20220119 20:00:10.543" level="INFO">${response} = &lt;Response [404]&gt;</msg>
<status status="PASS" starttime="20220119 20:00:10.239" endtime="20220119 20:00:10.543"></status>
</kw>
<msg timestamp="20220119 20:00:10.543" level="INFO">${response} = &lt;Response [404]&gt;</msg>
<status status="PASS" starttime="20220119 20:00:10.238" endtime="20220119 20:00:10.543"></status>
</kw>
<kw name="Status Should Be" library="RequestsLibrary">
<doc>Fails if response status code is different than the expected.</doc>
<arguments>
<arg>404</arg>
<arg>${response}</arg>
</arguments>
<status status="PASS" starttime="20220119 20:00:10.545" endtime="20220119 20:00:10.545"></status>
</kw>
<status status="PASS" starttime="20220119 20:00:10.235" endtime="20220119 20:00:10.546" critical="yes"></status>
</test>
<doc>Suite de Teste de busca de personagens na API da Marvel</doc>
<status status="PASS" starttime="20220119 20:00:07.939" endtime="20220119 20:00:10.549"></status>
</suite>
<status status="PASS" starttime="20220119 20:00:02.285" endtime="20220119 20:00:10.555"></status>
</suite>
<statistics>
<total>
<stat pass="6" fail="0">Critical Tests</stat>
<stat pass="6" fail="0">All Tests</stat>
</total>
<tag>
</tag>
<suite>
<stat pass="6" fail="0" id="s1" name="Specs">Specs</stat>
<stat pass="2" fail="0" id="s1-s1" name="CreateCharacters">Specs.CreateCharacters</stat>
<stat pass="2" fail="0" id="s1-s2" name="RemoveCharacter">Specs.RemoveCharacter</stat>
<stat pass="2" fail="0" id="s1-s3" name="SearchCharacter">Specs.SearchCharacter</stat>
</suite>
</statistics>
<errors>
</errors>
</robot>
