<?xml version="1.0" encoding="UTF-8"?>
<robot generator="Robot 3.2 (Python 3.8.2 on win32)" generated="20220118 17:18:37.555" rpa="false">
<suite id="s1" name="CreateCharacters" source="C:\Projetos\API_marvel\specs\CreateCharacters.robot">
<kw name="Run Keywords" library="BuiltIn" type="setup">
<doc>Executes all the given keywords in a sequence.</doc>
<arguments>
<arg>Set Client Key</arg>
<arg>vet.fml@gmail.com</arg>
<arg>AND</arg>
<arg>Back To The Past</arg>
</arguments>
<kw name="Set Client Key" library="Base">
<arguments>
<arg>vet.fml@gmail.com</arg>
</arguments>
<kw name="Create Dictionary" library="BuiltIn">
<doc>Creates and returns a dictionary based on the given ``items``.</doc>
<arguments>
<arg>email=${email}</arg>
</arguments>
<assign>
<var>&amp;{usuario}</var>
</assign>
<msg timestamp="20220118 17:18:37.888" level="INFO">&amp;{usuario} = { email=vet.fml@gmail.com }</msg>
<status status="PASS" starttime="20220118 17:18:37.887" endtime="20220118 17:18:37.888"></status>
</kw>
<kw name="POST" library="RequestsLibrary">
<doc>Sends a POST request.</doc>
<arguments>
<arg>${API_URI}/accounts</arg>
<arg>json=${usuario}</arg>
</arguments>
<assign>
<var>${response}</var>
</assign>
<msg timestamp="20220118 17:18:38.208" level="INFO">POST Request : url=http://marvel.qaninja.academy/accounts 
 path_url=/accounts 
 headers={'User-Agent': 'python-requests/2.24.0', 'Accept-Encoding': 'gzip, deflate', 'Accept': '*/*', 'Connection': 'keep-alive', 'Content-Length': '30', 'Content-Type': 'application/json'} 
 body=b'{"email": "vet.fml@gmail.com"}' 
 </msg>
<msg timestamp="20220118 17:18:38.208" level="INFO">POST Response : url=http://marvel.qaninja.academy/accounts 
 status=200, reason=OK 
 headers={'Server': 'Cowboy', 'Connection': 'keep-alive', 'X-Powered-By': 'Express', 'Access-Control-Allow-Origin': '*', 'Content-Type': 'application/json; charset=utf-8', 'Content-Length': '41', 'Etag': 'W/"29-yrtJEaSwzKj70ZeAZga7lYf2uDw"', 'Date': 'Tue, 18 Jan 2022 20:20:55 GMT', 'Via': '1.1 vegur'} 
 body={"client_key":"61e1c6087a2fc50016b72dc9"} 
 </msg>
<msg timestamp="20220118 17:18:38.209" level="INFO">${response} = &lt;Response [200]&gt;</msg>
<status status="PASS" starttime="20220118 17:18:37.889" endtime="20220118 17:18:38.209"></status>
</kw>
<kw name="Set Variable" library="BuiltIn">
<doc>Returns the given values which can then be assigned to a variables.</doc>
<arguments>
<arg>${response.json()}[client_key]</arg>
</arguments>
<assign>
<var>${client_key}</var>
</assign>
<msg timestamp="20220118 17:18:38.210" level="INFO">${client_key} = 61e1c6087a2fc50016b72dc9</msg>
<status status="PASS" starttime="20220118 17:18:38.209" endtime="20220118 17:18:38.210"></status>
</kw>
<kw name="Create Dictionary" library="BuiltIn">
<doc>Creates and returns a dictionary based on the given ``items``.</doc>
<arguments>
<arg>client_key=${client_key}</arg>
</arguments>
<assign>
<var>&amp;{HEADERS}</var>
</assign>
<msg timestamp="20220118 17:18:38.211" level="INFO">&amp;{HEADERS} = { client_key=61e1c6087a2fc50016b72dc9 }</msg>
<status status="PASS" starttime="20220118 17:18:38.210" endtime="20220118 17:18:38.212"></status>
</kw>
<kw name="Set Suite Variable" library="BuiltIn">
<doc>Makes a variable available everywhere within the scope of the current suite.</doc>
<arguments>
<arg>${HEADERS}</arg>
</arguments>
<msg timestamp="20220118 17:18:38.214" level="INFO">${HEADERS} = {'client_key': '61e1c6087a2fc50016b72dc9'}</msg>
<status status="PASS" starttime="20220118 17:18:38.212" endtime="20220118 17:18:38.214"></status>
</kw>
<status status="PASS" starttime="20220118 17:18:37.887" endtime="20220118 17:18:38.215"></status>
</kw>
<kw name="Back To The Past" library="Base">
<kw name="DELETE" library="RequestsLibrary">
<doc>Sends a DELETE request.</doc>
<arguments>
<arg>${API_URI}/delorean</arg>
<arg>headers=${HEADERS}</arg>
</arguments>
<msg timestamp="20220118 17:18:38.510" level="INFO">DELETE Request : url=http://marvel.qaninja.academy/delorean 
 path_url=/delorean 
 headers={'User-Agent': 'python-requests/2.24.0', 'Accept-Encoding': 'gzip, deflate', 'Accept': '*/*', 'Connection': 'keep-alive', 'client_key': '61e1c6087a2fc50016b72dc9', 'Content-Length': '0'} 
 body=None 
 </msg>
<msg timestamp="20220118 17:18:38.511" level="INFO">DELETE Response : url=http://marvel.qaninja.academy/delorean 
 status=200, reason=OK 
 headers={'Server': 'Cowboy', 'Connection': 'keep-alive', 'X-Powered-By': 'Express', 'Access-Control-Allow-Origin': '*', 'Content-Type': 'application/json; charset=utf-8', 'Content-Length': '31', 'Etag': 'W/"1f-ImqlboUfbv1n1FbEV48J/4RvhGg"', 'Date': 'Tue, 18 Jan 2022 20:20:55 GMT', 'Via': '1.1 vegur'} 
 body={"message":"Avengers Assemble"} 
 </msg>
<status status="PASS" starttime="20220118 17:18:38.216" endtime="20220118 17:18:38.511"></status>
</kw>
<status status="PASS" starttime="20220118 17:18:38.215" endtime="20220118 17:18:38.511"></status>
</kw>
<status status="PASS" starttime="20220118 17:18:37.886" endtime="20220118 17:18:38.511"></status>
</kw>
<test id="s1-t1" name="Deve cadastrar um personagem">
<kw name="Factory Thanos" library="Thanos">
<assign>
<var>&amp;{personagem}</var>
</assign>
<msg timestamp="20220118 17:18:38.517" level="INFO">&amp;{personagem} = { name=Thanos de Titã | aliases=Thanos | age=3000 | team=Ordem Negra | active=False }</msg>
<status status="PASS" starttime="20220118 17:18:38.516" endtime="20220118 17:18:38.517"></status>
</kw>
<kw name="POST New Character" library="Characters">
<arguments>
<arg>${personagem}</arg>
</arguments>
<assign>
<var>${response}</var>
</assign>
<kw name="POST" library="RequestsLibrary">
<doc>Sends a POST request.</doc>
<arguments>
<arg>${API_URI}/characters</arg>
<arg>json=${payload}</arg>
<arg>headers=${HEADERS}</arg>
<arg>expected_status=any</arg>
</arguments>
<assign>
<var>${response}</var>
</assign>
<msg timestamp="20220118 17:18:38.815" level="INFO">POST Request : url=http://marvel.qaninja.academy/characters 
 path_url=/characters 
 headers={'User-Agent': 'python-requests/2.24.0', 'Accept-Encoding': 'gzip, deflate', 'Accept': '*/*', 'Connection': 'keep-alive', 'client_key': '61e1c6087a2fc50016b72dc9', 'Content-Length': '105', 'Content-Type': 'application/json'} 
 body=b'{"name": "Thanos de Tit\\u00e3", "aliases": "Thanos", "age": 3000, "team": "Ordem Negra", "active": false}' 
 </msg>
<msg timestamp="20220118 17:18:38.816" level="INFO">POST Response : url=http://marvel.qaninja.academy/characters 
 status=200, reason=OK 
 headers={'Server': 'Cowboy', 'Connection': 'keep-alive', 'X-Powered-By': 'Express', 'Access-Control-Allow-Origin': '*', 'Content-Type': 'application/json; charset=utf-8', 'Content-Length': '160', 'Etag': 'W/"a0-/4Bm3tNYOKYKHfkmrfg1HymF9iI"', 'Date': 'Tue, 18 Jan 2022 20:20:55 GMT', 'Via': '1.1 vegur'} 
 body={"_id":"61e72127b4ba3f0016d6df2e","name":"Thanos de Titã","age":3000,"aliases":"Thanos","team":"Ordem Negra","active":false,"owner":"61e1c6087a2fc50016b72dc9"} 
 </msg>
<msg timestamp="20220118 17:18:38.816" level="INFO">${response} = &lt;Response [200]&gt;</msg>
<status status="PASS" starttime="20220118 17:18:38.520" endtime="20220118 17:18:38.816"></status>
</kw>
<msg timestamp="20220118 17:18:38.817" level="INFO">${response} = &lt;Response [200]&gt;</msg>
<status status="PASS" starttime="20220118 17:18:38.518" endtime="20220118 17:18:38.817"></status>
</kw>
<kw name="Status Should Be" library="RequestsLibrary">
<doc>Fails if response status code is different than the expected.</doc>
<arguments>
<arg>200</arg>
<arg>${response}</arg>
</arguments>
<status status="PASS" starttime="20220118 17:18:38.818" endtime="20220118 17:18:38.819"></status>
</kw>
<status status="PASS" starttime="20220118 17:18:38.512" endtime="20220118 17:18:38.820" critical="yes"></status>
</test>
<test id="s1-t2" name="Não deve cadastrar o mesmo nome">
<kw name="Factory Deadpool" library="Deadpool">
<assign>
<var>${personagem}</var>
</assign>
<msg timestamp="20220118 17:18:38.824" level="INFO">${personagem} = {'name': 'Wade Wilson', 'aliases': 'Deadpool', 'age': 35, 'team': 'X Force', 'active': True}</msg>
<status status="PASS" starttime="20220118 17:18:38.823" endtime="20220118 17:18:38.824"></status>
</kw>
<kw name="POST New Character" library="Characters">
<arguments>
<arg>${personagem}</arg>
</arguments>
<kw name="POST" library="RequestsLibrary">
<doc>Sends a POST request.</doc>
<arguments>
<arg>${API_URI}/characters</arg>
<arg>json=${payload}</arg>
<arg>headers=${HEADERS}</arg>
<arg>expected_status=any</arg>
</arguments>
<assign>
<var>${response}</var>
</assign>
<msg timestamp="20220118 17:18:39.131" level="INFO">POST Request : url=http://marvel.qaninja.academy/characters 
 path_url=/characters 
 headers={'User-Agent': 'python-requests/2.24.0', 'Accept-Encoding': 'gzip, deflate', 'Accept': '*/*', 'Connection': 'keep-alive', 'client_key': '61e1c6087a2fc50016b72dc9', 'Content-Length': '92', 'Content-Type': 'application/json'} 
 body=b'{"name": "Wade Wilson", "aliases": "Deadpool", "age": 35, "team": "X Force", "active": true}' 
 </msg>
<msg timestamp="20220118 17:18:39.131" level="INFO">POST Response : url=http://marvel.qaninja.academy/characters 
 status=200, reason=OK 
 headers={'Server': 'Cowboy', 'Connection': 'keep-alive', 'X-Powered-By': 'Express', 'Access-Control-Allow-Origin': '*', 'Content-Type': 'application/json; charset=utf-8', 'Content-Length': '151', 'Etag': 'W/"97-tbId8IYqRx0FvI30C41LbZFR1rI"', 'Date': 'Tue, 18 Jan 2022 20:20:56 GMT', 'Via': '1.1 vegur'} 
 body={"_id":"61e72128b4ba3f0016d6df32","name":"Wade Wilson","age":35,"aliases":"Deadpool","team":"X Force","active":true,"owner":"61e1c6087a2fc50016b72dc9"} 
 </msg>
<msg timestamp="20220118 17:18:39.132" level="INFO">${response} = &lt;Response [200]&gt;</msg>
<status status="PASS" starttime="20220118 17:18:38.826" endtime="20220118 17:18:39.132"></status>
</kw>
<status status="PASS" starttime="20220118 17:18:38.825" endtime="20220118 17:18:39.133"></status>
</kw>
<kw name="POST New Character" library="Characters">
<arguments>
<arg>${personagem}</arg>
</arguments>
<assign>
<var>${response}</var>
</assign>
<kw name="POST" library="RequestsLibrary">
<doc>Sends a POST request.</doc>
<arguments>
<arg>${API_URI}/characters</arg>
<arg>json=${payload}</arg>
<arg>headers=${HEADERS}</arg>
<arg>expected_status=any</arg>
</arguments>
<assign>
<var>${response}</var>
</assign>
<msg timestamp="20220118 17:18:39.419" level="INFO">POST Request : url=http://marvel.qaninja.academy/characters 
 path_url=/characters 
 headers={'User-Agent': 'python-requests/2.24.0', 'Accept-Encoding': 'gzip, deflate', 'Accept': '*/*', 'Connection': 'keep-alive', 'client_key': '61e1c6087a2fc50016b72dc9', 'Content-Length': '92', 'Content-Type': 'application/json'} 
 body=b'{"name": "Wade Wilson", "aliases": "Deadpool", "age": 35, "team": "X Force", "active": true}' 
 </msg>
<msg timestamp="20220118 17:18:39.419" level="INFO">POST Response : url=http://marvel.qaninja.academy/characters 
 status=409, reason=Conflict 
 headers={'Server': 'Cowboy', 'Connection': 'keep-alive', 'X-Powered-By': 'Express', 'Access-Control-Allow-Origin': '*', 'Content-Type': 'application/json; charset=utf-8', 'Content-Length': '39', 'Etag': 'W/"27-u8CjYCAAYHK/l+EQR0JyKi0LQGU"', 'Date': 'Tue, 18 Jan 2022 20:20:56 GMT', 'Via': '1.1 vegur'} 
 body={"error":"Character already exists :("} 
 </msg>
<msg timestamp="20220118 17:18:39.419" level="INFO">${response} = &lt;Response [409]&gt;</msg>
<status status="PASS" starttime="20220118 17:18:39.134" endtime="20220118 17:18:39.419"></status>
</kw>
<msg timestamp="20220118 17:18:39.420" level="INFO">${response} = &lt;Response [409]&gt;</msg>
<status status="PASS" starttime="20220118 17:18:39.133" endtime="20220118 17:18:39.420"></status>
</kw>
<kw name="Status Should Be" library="RequestsLibrary">
<doc>Fails if response status code is different than the expected.</doc>
<arguments>
<arg>409</arg>
<arg>${response}</arg>
</arguments>
<status status="PASS" starttime="20220118 17:18:39.421" endtime="20220118 17:18:39.422"></status>
</kw>
<kw name="Should Be Equal" library="BuiltIn">
<doc>Fails if the given objects are unequal.</doc>
<arguments>
<arg>${response.json()}[error]</arg>
<arg>Character already exists :(</arg>
</arguments>
<status status="PASS" starttime="20220118 17:18:39.423" endtime="20220118 17:18:39.424"></status>
</kw>
<status status="PASS" starttime="20220118 17:18:38.822" endtime="20220118 17:18:39.425" critical="yes"></status>
</test>
<doc>Suite de Teste do cadastro de personagens na API da Marvel</doc>
<status status="PASS" starttime="20220118 17:18:37.559" endtime="20220118 17:18:39.428"></status>
</suite>
<statistics>
<total>
<stat pass="2" fail="0">Critical Tests</stat>
<stat pass="2" fail="0">All Tests</stat>
</total>
<tag>
</tag>
<suite>
<stat pass="2" fail="0" id="s1" name="CreateCharacters">CreateCharacters</stat>
</suite>
</statistics>
<errors>
</errors>
</robot>
